<?xml version="1.0" encoding="UTF-8"?>
<!-- Generated by org.testng.reporters.JUnitXMLReporter -->
<testsuite hostname="DESKTOP-CAUKBV7" name="Test" tests="1" failures="1" timestamp="16 Nov 2021 06:54:41 GMT" time="14.776" errors="0">
  <testcase name="CreateCustomer" time="8.357" classname="com.Repairshop.tests.LoginTest">
    <failure type="java.lang.AssertionError" message="expected [true] but found [false]">
      <![CDATA[java.lang.AssertionError: expected [true] but found [false]
	at com.Repairshop.tests.LoginTest.CreateCustomer(LoginTest.java:40)
... Removed 28 stack frames]]>
    </failure>
  </testcase> <!-- CreateCustomer -->
</testsuite> <!-- Test -->
